<?xml version="1.0" encoding="UTF-8"?>
<!-- Generated by org.testng.reporters.JUnitXMLReporter -->
<testsuite ignored="0" hostname="DESKTOP-OEMN2F6" failures="0" tests="3" name="Test" time="41.396" errors="0" timestamp="2023-01-04T08:33:18 IST">
  <testcase classname="testpackage.TestActiTimeInvalidLogin" name="invalidLoginToActiTime" time="17.632"/>
  <testcase classname="testpackage.TestActiTimeValidLogin" name="testValidLogin" time="3.856"/>
  <testcase classname="testpackage.TestActiTimeLogout" name="logout" time="4.034"/>
</testsuite> <!-- Test -->
