<?xml version="1.0" encoding="UTF-8"?>
<!-- Generated by org.testng.reporters.JUnitXMLReporter -->
<testsuite ignored="0" hostname="DESKTOP-OEMN2F6" failures="0" tests="3" name="Test" time="40.926" errors="0" timestamp="2022-11-16T19:08:09 IST">
  <testcase classname="testpackage.TestActiTimeInvalidLogin" name="invalidLoginToActiTime" time="17.585"/>
  <testcase classname="testpackage.TestActiTimeValidLogin" name="testValidLogin" time="3.931"/>
  <testcase classname="testpackage.TestActiTimeLogout" name="logout" time="4.04"/>
</testsuite> <!-- Test -->
