<?xml version="1.0" encoding="UTF-8"?>
<testng-results ignored="0" total="3" passed="3" failed="0" skipped="0">
  <reporter-output>
    <line>
      <![CDATA[the test has been starterd]]>
    </line>
    <line>
      <![CDATA[the test has been starterd]]>
    </line>
    <line>
      <![CDATA[the test has been starterd]]>
    </line>
  </reporter-output>
  <suite started-at="2022-11-16T19:07:28 IST" name="Suite" finished-at="2022-11-16T19:08:09 IST" duration-ms="40926">
    <groups>
    </groups>
    <test started-at="2022-11-16T19:07:28 IST" name="Test" finished-at="2022-11-16T19:08:09 IST" duration-ms="40926">
      <class name="testpackage.TestActiTimeInvalidLogin">
        <test-method is-config="true" signature="setUp()[pri:0, instance:testpackage.TestActiTimeInvalidLogin@10e92f8f]" started-at="2022-11-16T19:07:28 IST" name="setUp" finished-at="2022-11-16T19:07:33 IST" duration-ms="4915" status="PASS">
          <reporter-output>
          </reporter-output>
        </test-method> <!-- setUp -->
        <test-method signature="invalidLoginToActiTime()[pri:0, instance:testpackage.TestActiTimeInvalidLogin@10e92f8f]" started-at="2022-11-16T19:07:33 IST" name="invalidLoginToActiTime" finished-at="2022-11-16T19:07:50 IST" duration-ms="17585" status="PASS">
          <reporter-output>
            <line>
              <![CDATA[the test has been starterd]]>
            </line>
          </reporter-output>
        </test-method> <!-- invalidLoginToActiTime -->
        <test-method is-config="true" signature="tearDown()[pri:0, instance:testpackage.TestActiTimeInvalidLogin@10e92f8f]" started-at="2022-11-16T19:07:50 IST" name="tearDown" finished-at="2022-11-16T19:07:51 IST" duration-ms="892" status="PASS">
          <reporter-output>
          </reporter-output>
        </test-method> <!-- tearDown -->
      </class> <!-- testpackage.TestActiTimeInvalidLogin -->
      <class name="testpackage.TestActiTimeValidLogin">
        <test-method is-config="true" signature="setUp()[pri:0, instance:testpackage.TestActiTimeValidLogin@c267ef4]" started-at="2022-11-16T19:07:51 IST" name="setUp" finished-at="2022-11-16T19:07:55 IST" duration-ms="3665" status="PASS">
          <reporter-output>
          </reporter-output>
        </test-method> <!-- setUp -->
        <test-method signature="testValidLogin()[pri:0, instance:testpackage.TestActiTimeValidLogin@c267ef4]" started-at="2022-11-16T19:07:55 IST" name="testValidLogin" finished-at="2022-11-16T19:07:59 IST" duration-ms="3931" status="PASS">
          <reporter-output>
            <line>
              <![CDATA[the test has been starterd]]>
            </line>
          </reporter-output>
        </test-method> <!-- testValidLogin -->
        <test-method is-config="true" signature="tearDown()[pri:0, instance:testpackage.TestActiTimeValidLogin@c267ef4]" started-at="2022-11-16T19:07:59 IST" name="tearDown" finished-at="2022-11-16T19:08:00 IST" duration-ms="1060" status="PASS">
          <reporter-output>
          </reporter-output>
        </test-method> <!-- tearDown -->
      </class> <!-- testpackage.TestActiTimeValidLogin -->
      <class name="testpackage.TestActiTimeLogout">
        <test-method is-config="true" signature="setUp()[pri:0, instance:testpackage.TestActiTimeLogout@30ee2816]" started-at="2022-11-16T19:08:00 IST" name="setUp" finished-at="2022-11-16T19:08:04 IST" duration-ms="3677" status="PASS">
          <reporter-output>
          </reporter-output>
        </test-method> <!-- setUp -->
        <test-method signature="logout()[pri:0, instance:testpackage.TestActiTimeLogout@30ee2816]" started-at="2022-11-16T19:08:04 IST" name="logout" finished-at="2022-11-16T19:08:08 IST" duration-ms="4040" status="PASS">
          <reporter-output>
            <line>
              <![CDATA[the test has been starterd]]>
            </line>
          </reporter-output>
        </test-method> <!-- logout -->
        <test-method is-config="true" signature="tearDown()[pri:0, instance:testpackage.TestActiTimeLogout@30ee2816]" started-at="2022-11-16T19:08:08 IST" name="tearDown" finished-at="2022-11-16T19:08:09 IST" duration-ms="1080" status="PASS">
          <reporter-output>
          </reporter-output>
        </test-method> <!-- tearDown -->
      </class> <!-- testpackage.TestActiTimeLogout -->
    </test> <!-- Test -->
  </suite> <!-- Suite -->
</testng-results>
