<?xml version="1.0" encoding="UTF-8"?>
<testng-results ignored="0" total="3" passed="3" failed="0" skipped="0">
  <reporter-output>
    <line>
      <![CDATA[the test has been starterd]]>
    </line>
    <line>
      <![CDATA[the test has been starterd]]>
    </line>
    <line>
      <![CDATA[the test has been starterd]]>
    </line>
  </reporter-output>
  <suite started-at="2023-01-04T08:32:37 IST" name="Suite" finished-at="2023-01-04T08:33:18 IST" duration-ms="41396">
    <groups>
    </groups>
    <test started-at="2023-01-04T08:32:37 IST" name="Test" finished-at="2023-01-04T08:33:18 IST" duration-ms="41396">
      <class name="testpackage.TestActiTimeInvalidLogin">
        <test-method is-config="true" signature="setUp()[pri:0, instance:testpackage.TestActiTimeInvalidLogin@10e92f8f]" started-at="2023-01-04T08:32:37 IST" name="setUp" finished-at="2023-01-04T08:32:42 IST" duration-ms="5110" status="PASS">
          <reporter-output>
          </reporter-output>
        </test-method> <!-- setUp -->
        <test-method signature="invalidLoginToActiTime()[pri:0, instance:testpackage.TestActiTimeInvalidLogin@10e92f8f]" started-at="2023-01-04T08:32:42 IST" name="invalidLoginToActiTime" finished-at="2023-01-04T08:33:00 IST" duration-ms="17632" status="PASS">
          <reporter-output>
            <line>
              <![CDATA[the test has been starterd]]>
            </line>
          </reporter-output>
        </test-method> <!-- invalidLoginToActiTime -->
        <test-method is-config="true" signature="tearDown()[pri:0, instance:testpackage.TestActiTimeInvalidLogin@10e92f8f]" started-at="2023-01-04T08:33:00 IST" name="tearDown" finished-at="2023-01-04T08:33:01 IST" duration-ms="928" status="PASS">
          <reporter-output>
          </reporter-output>
        </test-method> <!-- tearDown -->
      </class> <!-- testpackage.TestActiTimeInvalidLogin -->
      <class name="testpackage.TestActiTimeValidLogin">
        <test-method is-config="true" signature="setUp()[pri:0, instance:testpackage.TestActiTimeValidLogin@c267ef4]" started-at="2023-01-04T08:33:01 IST" name="setUp" finished-at="2023-01-04T08:33:04 IST" duration-ms="3922" status="PASS">
          <reporter-output>
          </reporter-output>
        </test-method> <!-- setUp -->
        <test-method signature="testValidLogin()[pri:0, instance:testpackage.TestActiTimeValidLogin@c267ef4]" started-at="2023-01-04T08:33:04 IST" name="testValidLogin" finished-at="2023-01-04T08:33:08 IST" duration-ms="3856" status="PASS">
          <reporter-output>
            <line>
              <![CDATA[the test has been starterd]]>
            </line>
          </reporter-output>
        </test-method> <!-- testValidLogin -->
        <test-method is-config="true" signature="tearDown()[pri:0, instance:testpackage.TestActiTimeValidLogin@c267ef4]" started-at="2023-01-04T08:33:08 IST" name="tearDown" finished-at="2023-01-04T08:33:09 IST" duration-ms="1038" status="PASS">
          <reporter-output>
          </reporter-output>
        </test-method> <!-- tearDown -->
      </class> <!-- testpackage.TestActiTimeValidLogin -->
      <class name="testpackage.TestActiTimeLogout">
        <test-method is-config="true" signature="setUp()[pri:0, instance:testpackage.TestActiTimeLogout@30ee2816]" started-at="2023-01-04T08:33:09 IST" name="setUp" finished-at="2023-01-04T08:33:13 IST" duration-ms="3745" status="PASS">
          <reporter-output>
          </reporter-output>
        </test-method> <!-- setUp -->
        <test-method signature="logout()[pri:0, instance:testpackage.TestActiTimeLogout@30ee2816]" started-at="2023-01-04T08:33:13 IST" name="logout" finished-at="2023-01-04T08:33:17 IST" duration-ms="4034" status="PASS">
          <reporter-output>
            <line>
              <![CDATA[the test has been starterd]]>
            </line>
          </reporter-output>
        </test-method> <!-- logout -->
        <test-method is-config="true" signature="tearDown()[pri:0, instance:testpackage.TestActiTimeLogout@30ee2816]" started-at="2023-01-04T08:33:17 IST" name="tearDown" finished-at="2023-01-04T08:33:18 IST" duration-ms="1071" status="PASS">
          <reporter-output>
          </reporter-output>
        </test-method> <!-- tearDown -->
      </class> <!-- testpackage.TestActiTimeLogout -->
    </test> <!-- Test -->
  </suite> <!-- Suite -->
</testng-results>
